<?xml version="1.0" encoding="UTF-8"?>
<!-- Generated by org.testng.reporters.JUnitReportReporter -->
<testsuite hostname="DESKTOP-F9ACE5P" failures="0" tests="4" name="AxisQA.TestNG.Grouping" time="0.052" errors="0" timestamp="2024-02-26T16:49:15 IST" skipped="0">
  <testcase classname="AxisQA.TestNG.Grouping" name="Products" time="0.013"/>
  <system-out/>
  <testcase classname="AxisQA.TestNG.Grouping" name="Payment" time="0.013"/>
  <system-out/>
  <testcase classname="AxisQA.TestNG.Grouping" name="AddToCart" time="0.013"/>
  <system-out/>
  <testcase classname="AxisQA.TestNG.Grouping" name="login" time="0.013"/>
  <system-out/>
</testsuite> <!-- AxisQA.TestNG.Grouping -->
