<?xml version="1.0" encoding="UTF-8"?>
<!-- Generated by org.testng.reporters.JUnitReportReporter -->
<testsuite hostname="DESKTOP-F9ACE5P" failures="0" tests="4" name="AxisQA.TestNG.Grouping" time="0.017" errors="0" timestamp="28 Feb 2024 09:47:31 GMT" skipped="0">
  <testcase classname="AxisQA.TestNG.Grouping" name="Payment" time="0.002"/>
  <testcase classname="AxisQA.TestNG.Grouping" name="AddToCart" time="0.012"/>
  <testcase classname="AxisQA.TestNG.Grouping" name="Products" time="0.002"/>
  <testcase classname="AxisQA.TestNG.Grouping" name="login" time="0.001"/>
</testsuite> <!-- AxisQA.TestNG.Grouping -->
