<?xml version="1.0" encoding="UTF-8"?>
<!-- Generated by org.testng.reporters.JUnitReportReporter -->
<testsuite hostname="DESKTOP-F9ACE5P" failures="0" tests="1" name="AxisQA.TestNG.NewTest" time="0.010" errors="0" timestamp="2024-02-26T15:12:15 IST" skipped="0">
  <testcase classname="AxisQA.TestNG.NewTest" name="TestCase" time="0.010"/>
  <system-out/>
</testsuite> <!-- AxisQA.TestNG.NewTest -->
