<?xml version="1.0" encoding="UTF-8"?>
<!-- Generated by org.testng.reporters.JUnitReportReporter -->
<testsuite hostname="DESKTOP-F9ACE5P" failures="0" tests="3" name="AxisQA.TestNG.EnableFalse" time="0.003" errors="0" timestamp="2024-02-26T14:39:25 IST" skipped="1">
  <testcase classname="AxisQA.TestNG.EnableFalse" name="testCase2" time="0.002"/>
  <system-out/>
  <testcase classname="AxisQA.TestNG.EnableFalse" name="testCase3" time="0.001"/>
  <system-out/>
  <testcase classname="AxisQA.TestNG.EnableFalse" name="testCase1">
    <skipped/>
  </testcase> <!-- testCase1 -->
  <system-out/>
</testsuite> <!-- AxisQA.TestNG.EnableFalse -->
