<?xml version="1.0" encoding="UTF-8"?>
<!-- Generated by org.testng.reporters.JUnitReportReporter -->
<testsuite hostname="DESKTOP-F9ACE5P" failures="0" tests="1" name="AxisQA.TestNG.ParameterizedTest" time="7.441" errors="0" timestamp="2024-02-27T11:23:54 IST" skipped="0">
  <testcase classname="AxisQA.TestNG.ParameterizedTest" name="parameter" time="7.441"/>
  <system-out/>
</testsuite> <!-- AxisQA.TestNG.ParameterizedTest -->
