<?xml version="1.0" encoding="UTF-8"?>
<!-- Generated by org.testng.reporters.JUnitReportReporter -->
<testsuite hostname="DESKTOP-F9ACE5P" failures="0" tests="1" name="AxisQA.TestNG.NewTest" time="0.031" errors="0" timestamp="28 Feb 2024 10:49:23 GMT" skipped="0">
  <testcase classname="AxisQA.TestNG.NewTest" name="TestCase" time="0.031"/>
</testsuite> <!-- AxisQA.TestNG.NewTest -->
