<?xml version="1.0" encoding="UTF-8"?>
<!-- Generated by org.testng.reporters.JUnitReportReporter -->
<testsuite hostname="DESKTOP-F9ACE5P" failures="0" tests="2" name="AxisQA.TestNG.ParallelTesting" time="11.557" errors="0" timestamp="2024-02-26T17:17:12 IST" skipped="0">
  <testcase classname="AxisQA.TestNG.ParallelTesting" name="InvokeFirefox" time="6.777"/>
  <system-out/>
  <testcase classname="AxisQA.TestNG.ParallelTesting" name="InvokeChrome" time="4.780"/>
  <system-out/>
</testsuite> <!-- AxisQA.TestNG.ParallelTesting -->
