<?xml version="1.0" encoding="UTF-8"?>
<!-- Generated by org.testng.reporters.JUnitReportReporter -->
<testsuite hostname="DESKTOP-F9ACE5P" failures="0" tests="3" name="AxisQA.TestNG.PriorityTesting" time="0.004" errors="0" timestamp="2024-02-26T14:39:25 IST" skipped="0">
  <testcase classname="AxisQA.TestNG.PriorityTesting" name="testCase1" time="0.003"/>
  <system-out/>
  <testcase classname="AxisQA.TestNG.PriorityTesting" name="testCase2" time="0.000"/>
  <system-out/>
  <testcase classname="AxisQA.TestNG.PriorityTesting" name="testCase3" time="0.001"/>
  <system-out/>
</testsuite> <!-- AxisQA.TestNG.PriorityTesting -->
