<?xml version="1.0" encoding="UTF-8"?>
<!-- Generated by org.testng.reporters.JUnitReportReporter -->
<testsuite hostname="DESKTOP-F9ACE5P" failures="0" tests="4" name="AxisQA.TestNG.AnnotationsEg" time="0.021" errors="0" timestamp="2024-02-27T11:42:12 IST" skipped="0">
  <testcase classname="AxisQA.TestNG.AnnotationsEg" name="testcase4" time="0.009"/>
  <system-out/>
  <testcase classname="AxisQA.TestNG.AnnotationsEg" name="testcase2" time="0.004"/>
  <system-out/>
  <testcase classname="AxisQA.TestNG.AnnotationsEg" name="testcase1" time="0.007"/>
  <system-out/>
  <testcase classname="AxisQA.TestNG.AnnotationsEg" name="testcase3" time="0.001"/>
  <system-out/>
</testsuite> <!-- AxisQA.TestNG.AnnotationsEg -->
