<?xml version="1.0" encoding="UTF-8"?>
<!-- Generated by org.testng.reporters.JUnitReportReporter -->
<testsuite hostname="DESKTOP-F9ACE5P" failures="0" tests="1" name="AxisQA.TestNG.InvokeChrome" time="10.161" errors="0" timestamp="2024-02-26T15:12:15 IST" skipped="0">
  <testcase classname="AxisQA.TestNG.InvokeChrome" name="invokechrome" time="10.161"/>
  <system-out/>
</testsuite> <!-- AxisQA.TestNG.InvokeChrome -->
