<?xml version="1.0" encoding="UTF-8"?>
<!-- Generated by org.testng.reporters.JUnitReportReporter -->
<testsuite hostname="DESKTOP-F9ACE5P" failures="0" tests="1" name="AxisQA.TestNG.ListnerTestClass" time="6.755" errors="0" timestamp="2024-02-27T11:18:34 IST" skipped="0">
  <testcase classname="AxisQA.TestNG.ListnerTestClass" name="invokechrome" time="6.755"/>
  <system-out/>
</testsuite> <!-- AxisQA.TestNG.ListnerTestClass -->
