<?xml version="1.0" encoding="UTF-8"?>
<!-- Generated by org.testng.reporters.JUnitReportReporter -->
<testsuite hostname="DESKTOP-F9ACE5P" failures="0" tests="1" name="AxisQA.TestNG.InvokeFirefox" time="10.986" errors="0" timestamp="2024-02-26T15:12:15 IST" skipped="0">
  <testcase classname="AxisQA.TestNG.InvokeFirefox" name="inovkefirefox" time="10.986"/>
  <system-out/>
</testsuite> <!-- AxisQA.TestNG.InvokeFirefox -->
