<?xml version="1.0" encoding="UTF-8"?>
<!-- Generated by org.testng.reporters.JUnitReportReporter -->
<testsuite hostname="DESKTOP-F9ACE5P" failures="0" tests="4" name="AxisQA.TestNG.Grouping" time="0.008" errors="0" timestamp="2024-02-28T15:16:28 IST" skipped="0">
  <testcase classname="AxisQA.TestNG.Grouping" name="Products" time="0.000"/>
  <system-out/>
  <testcase classname="AxisQA.TestNG.Grouping" name="login" time="0.001"/>
  <system-out/>
  <testcase classname="AxisQA.TestNG.Grouping" name="AddToCart" time="0.005"/>
  <system-out/>
  <testcase classname="AxisQA.TestNG.Grouping" name="Payment" time="0.002"/>
  <system-out/>
</testsuite> <!-- AxisQA.TestNG.Grouping -->
